[ 2026-06-16 21:07:27,025 ] 1025 httpx - INFO - HTTP Request: GET https://dagshub.com/api/v1/user "HTTP/1.1 200 OK"
[ 2026-06-16 21:07:27,063 ] 107 dagshub - INFO - Accessing as sahilkhn-03
[ 2026-06-16 21:07:29,276 ] 1025 httpx - INFO - HTTP Request: GET https://dagshub.com/api/v1/repos/sahilkhn-03/networksecurity "HTTP/1.1 200 OK"
[ 2026-06-16 21:07:31,731 ] 1025 httpx - INFO - HTTP Request: GET https://dagshub.com/api/v1/user "HTTP/1.1 200 OK"
[ 2026-06-16 21:07:31,737 ] 107 dagshub - INFO - Initialized MLflow to track repo "sahilkhn-03/networksecurity"
[ 2026-06-16 21:07:31,739 ] 107 dagshub - INFO - Repository sahilkhn-03/networksecurity initialized!
[ 2026-06-16 21:07:31,754 ] 20 root - INFO - Initiate the data ingestion
[ 2026-06-16 21:09:01,150 ] 65 root - INFO - Performed train test split on the dataframe
[ 2026-06-16 21:09:01,153 ] 67 root - INFO - Exited split_data_as_train_test method of Data_Ingestion class
[ 2026-06-16 21:09:01,155 ] 75 root - INFO - Exporting train and test file path.
[ 2026-06-16 21:09:01,359 ] 84 root - INFO - Exported train and test file path.
[ 2026-06-16 21:09:01,361 ] 22 root - INFO - Data Initiation Completed
[ 2026-06-16 21:09:01,390 ] 26 root - INFO - Initiate the data Validation
[ 2026-06-16 21:09:01,600 ] 32 root - INFO - Required number of columns:2
[ 2026-06-16 21:09:01,600 ] 33 root - INFO - Data frame has columns:31
[ 2026-06-16 21:09:01,602 ] 32 root - INFO - Required number of columns:2
[ 2026-06-16 21:09:01,602 ] 33 root - INFO - Data frame has columns:31
[ 2026-06-16 21:09:02,054 ] 28 root - INFO - data Validation Completed
[ 2026-06-16 21:09:02,056 ] 31 root - INFO - data Transformation started
[ 2026-06-16 21:09:02,056 ] 63 root - INFO - Entered initiate_data_transformation method of DataTransformation class
[ 2026-06-16 21:09:02,056 ] 65 root - INFO - Starting data transformation
[ 2026-06-16 21:09:02,119 ] 48 root - INFO - Entered get_data_trnasformer_object method of Trnasformation class
[ 2026-06-16 21:09:02,121 ] 53 root - INFO - Initialise KNNImputer with {'missing_values': nan, 'n_neighbors': 3, 'weights': 'uniform'}
[ 2026-06-16 21:09:02,586 ] 45 root - INFO - Entered the save_object method of MainUtils class
[ 2026-06-16 21:09:02,596 ] 49 root - INFO - Exited the save_object method of MainUtils class
[ 2026-06-16 21:09:02,596 ] 45 root - INFO - Entered the save_object method of MainUtils class
[ 2026-06-16 21:09:02,605 ] 49 root - INFO - Exited the save_object method of MainUtils class
[ 2026-06-16 21:09:02,608 ] 35 root - INFO - data Transformation completed
[ 2026-06-16 21:09:02,608 ] 36 root - INFO - Model Training stared
[ 2026-06-16 21:18:28,026 ] 45 root - INFO - Entered the save_object method of MainUtils class
[ 2026-06-16 21:18:28,033 ] 49 root - INFO - Exited the save_object method of MainUtils class
[ 2026-06-16 21:18:28,033 ] 45 root - INFO - Entered the save_object method of MainUtils class
[ 2026-06-16 21:18:28,174 ] 49 root - INFO - Exited the save_object method of MainUtils class
[ 2026-06-16 21:18:28,176 ] 154 root - INFO - Model trainer artifact: ModelTrainerArtifact(trained_model_file_path='Artifacts\\06_16_2026_21_07_01\\model_trainer\\trained_model\\model.pkl', train_metric_artifact=ClassificationMetricArtifact(f1_score=0.9915082895268904, precision_score=0.9907070707070708, recall_score=0.9923108053419668), test_metric_artifact=ClassificationMetricArtifact(f1_score=0.9759281925744594, precision_score=0.9676375404530745, recall_score=0.9843621399176955))
[ 2026-06-16 21:18:28,202 ] 41 root - INFO - Model Training artifact created
[ 2026-06-16 21:21:32,610 ] 46 root - INFO - Synced artifacts and saved model to S3
